[00:00:04] [Server thread/INFO]: Hemeriox issued server command: /tp ErikolGamer14
[00:00:04] [Server thread/INFO]: [Hemeriox: Teleported Hemeriox to ErikolGamer14]
[00:00:36] [Server thread/INFO]: Axlfire issued server command: /tp Hemeriox
[00:00:36] [Server thread/INFO]: [Axlfire: Teleported Axlfire to Hemeriox]
[00:10:55] [Server thread/INFO]: Stopping the server
[00:10:55] [Server thread/INFO]: Stopping server
[00:10:55] [Server thread/INFO]: [LibsDisguises] Disabling LibsDisguises v10.0.44-SNAPSHOT
[00:10:55] [Server thread/INFO]: [MobArena] Disabling MobArena v0.109
[00:10:55] [Server thread/INFO]: [MyCommand] Disabling MyCommand v5.7.4
[00:10:55] [Server thread/INFO]: *-=-=-=-=-=-=-=-=-* MyCommand v.5.7.4*-=-=-=-=-=-=-=-=-=-*
[00:10:55] [Server thread/INFO]: | Tasks : Stopped all tasks.
[00:10:55] [Server thread/INFO]: *-=-=-=-=-=-=-=-=-=-*    Bye!   *-=-=-=-=-=-=-=-=-=-=-*
[00:10:55] [Server thread/INFO]: [nightcore] Disabling nightcore v2.7.3
[00:10:55] [Server thread/INFO]: [RPGItems] Disabling RPGItems v3.15.0-37
[00:10:55] [Server thread/INFO]: [VoidWorldGenerator] Disabling VoidWorldGenerator v1.1.5
[00:10:55] [Server thread/INFO]: [ServersNPC] Disabling ServersNPC v4.9
[00:10:55] [Server thread/INFO]: [packetevents] Disabling packetevents v2.6.1+a0fc7f697-SNAPSHOT
[00:10:55] [Server thread/INFO]: [NyaaCore] Disabling NyaaCore v9.5
[00:10:55] [Server thread/INFO]: [PlaceholderAPI] Disabling PlaceholderAPI v2.11.6
[00:10:55] [Server thread/INFO]: [ProtocolLib] Disabling ProtocolLib v5.4.0-SNAPSHOT-736
[00:10:55] [Server thread/INFO]: [Essentials] Disabling Essentials v2.21.0-dev+151-f2af952
[00:10:55] [Server thread/INFO]: [Vault] [Economy] Essentials Economy unhooked.
[00:10:55] [Server thread/INFO]: [Vault] Disabling Vault v1.7.3-b131
[00:10:55] [Server thread/INFO]: Saving players
[00:10:55] [Server thread/INFO]: ErikolGamer14 lost connection: Server closed
[00:10:55] [Server thread/INFO]: ErikolGamer14 left the game
[00:10:55] [Server thread/INFO]: Hemeriox lost connection: Server closed
[00:10:56] [Server thread/INFO]: Hemeriox left the game
[00:10:56] [Server thread/INFO]: Axlfire lost connection: Server closed
[00:10:56] [Server thread/INFO]: Axlfire left the game
[00:10:56] [Server thread/INFO]: Saving worlds
[00:10:56] [Server thread/INFO]: Saving chunks for level 'ServerLevel[world]'/minecraft:overworld
[00:10:56] [Server thread/INFO]: [ChunkHolderManager] Waiting 60s for chunk system to halt for world 'world'
[00:10:56] [Server thread/INFO]: [ChunkHolderManager] Halted chunk system for world 'world'
[00:10:56] [Server thread/INFO]: [ChunkHolderManager] Saving all chunkholders for world 'world'
[00:10:56] [Server thread/INFO]: [ChunkHolderManager] Saved 3 block chunks, 4 entity chunks, 0 poi chunks in world 'world' in 0,30s
[00:10:56] [Server thread/INFO]: [ChunkHolderManager] Waiting 60s for chunk I/O to halt for world 'world'
[00:10:56] [Server thread/INFO]: [ChunkHolderManager] Halted I/O scheduler for world 'world'
[00:10:57] [Server thread/INFO]: Saving chunks for level 'ServerLevel[world_nether]'/minecraft:the_nether
[00:10:57] [Server thread/INFO]: [ChunkHolderManager] Waiting 60s for chunk system to halt for world 'world_nether'
[00:10:57] [Server thread/INFO]: [ChunkHolderManager] Halted chunk system for world 'world_nether'
[00:10:57] [Server thread/INFO]: [ChunkHolderManager] Saving all chunkholders for world 'world_nether'
[00:10:58] [Server thread/INFO]: [ChunkHolderManager] Saved 0 block chunks, 0 entity chunks, 0 poi chunks in world 'world_nether' in 0,26s
[00:10:58] [Server thread/INFO]: [ChunkHolderManager] Waiting 60s for chunk I/O to halt for world 'world_nether'
[00:10:58] [Server thread/INFO]: [ChunkHolderManager] Halted I/O scheduler for world 'world_nether'
[00:10:58] [Server thread/INFO]: Saving chunks for level 'ServerLevel[world_the_end]'/minecraft:the_end
[00:10:58] [Server thread/INFO]: [ChunkHolderManager] Waiting 60s for chunk system to halt for world 'world_the_end'
[00:10:58] [Server thread/INFO]: [ChunkHolderManager] Halted chunk system for world 'world_the_end'
[00:10:58] [Server thread/INFO]: [ChunkHolderManager] Saving all chunkholders for world 'world_the_end'
[00:10:58] [Server thread/INFO]: [ChunkHolderManager] Saved 0 block chunks, 0 entity chunks, 0 poi chunks in world 'world_the_end' in 0,32s
[00:10:58] [Server thread/INFO]: [ChunkHolderManager] Waiting 60s for chunk I/O to halt for world 'world_the_end'
[00:10:58] [Server thread/INFO]: [ChunkHolderManager] Halted I/O scheduler for world 'world_the_end'
[00:10:59] [Server thread/INFO]: ThreadedAnvilChunkStorage (world): All chunks are saved
[00:10:59] [Server thread/INFO]: ThreadedAnvilChunkStorage (DIM-1): All chunks are saved
[00:10:59] [Server thread/INFO]: ThreadedAnvilChunkStorage (DIM1): All chunks are saved
[00:10:59] [Server thread/INFO]: ThreadedAnvilChunkStorage: All dimensions are saved
[00:10:59] [Server thread/INFO]: Waiting for I/O tasks to complete...
[00:10:59] [Server thread/INFO]: All I/O tasks to complete
[00:10:59] [Server thread/INFO]: [MoonriseCommon] Awaiting termination of worker pool for up to 60s...
[00:10:59] [Server thread/INFO]: [MoonriseCommon] Awaiting termination of I/O pool for up to 60s...
